[2019-11-26 18:12:28] production.ERROR: Class 'BeyondCode\DumpServer\DumpServerServiceProvider' not found {"exception":"[object] (Symfony\\Component\\Debug\\Exception\\FatalThrowableError(code: 0): Class 'BeyondCode\\DumpServer\\DumpServerServiceProvider' not found at /opt/lampp/htdocs/worldnews-daf/vendor/laravel/framework/src/Illuminate/Foundation/ProviderRepository.php:208)
[stacktrace]
#0 /opt/lampp/htdocs/worldnews-daf/vendor/laravel/framework/src/Illuminate/Foundation/ProviderRepository.php(144): Illuminate\\Foundation\\ProviderRepository->createProvider('BeyondCode\\\\Dump...')
#1 /opt/lampp/htdocs/worldnews-daf/vendor/laravel/framework/src/Illuminate/Foundation/ProviderRepository.php(61): Illuminate\\Foundation\\ProviderRepository->compileManifest(Array)
#2 /opt/lampp/htdocs/worldnews-daf/vendor/laravel/framework/src/Illuminate/Foundation/Application.php(548): Illuminate\\Foundation\\ProviderRepository->load(Array)
#3 /opt/lampp/htdocs/worldnews-daf/vendor/laravel/framework/src/Illuminate/Foundation/Bootstrap/RegisterProviders.php(17): Illuminate\\Foundation\\Application->registerConfiguredProviders()
#4 /opt/lampp/htdocs/worldnews-daf/vendor/laravel/framework/src/Illuminate/Foundation/Application.php(206): Illuminate\\Foundation\\Bootstrap\\RegisterProviders->bootstrap(Object(Illuminate\\Foundation\\Application))
#5 /opt/lampp/htdocs/worldnews-daf/vendor/laravel/framework/src/Illuminate/Foundation/Http/Kernel.php(162): Illuminate\\Foundation\\Application->bootstrapWith(Array)
#6 /opt/lampp/htdocs/worldnews-daf/vendor/laravel/framework/src/Illuminate/Foundation/Http/Kernel.php(146): Illuminate\\Foundation\\Http\\Kernel->bootstrap()
#7 /opt/lampp/htdocs/worldnews-daf/vendor/laravel/framework/src/Illuminate/Foundation/Http/Kernel.php(116): Illuminate\\Foundation\\Http\\Kernel->sendRequestThroughRouter(Object(Illuminate\\Http\\Request))
#8 /opt/lampp/htdocs/worldnews-daf/public/index.php(55): Illuminate\\Foundation\\Http\\Kernel->handle(Object(Illuminate\\Http\\Request))
#9 {main}
"} 
[2019-11-26 18:12:55] production.ERROR: Class 'BeyondCode\DumpServer\DumpServerServiceProvider' not found {"exception":"[object] (Symfony\\Component\\Debug\\Exception\\FatalThrowableError(code: 0): Class 'BeyondCode\\DumpServer\\DumpServerServiceProvider' not found at /opt/lampp/htdocs/worldnews-daf/vendor/laravel/framework/src/Illuminate/Foundation/ProviderRepository.php:208)
[stacktrace]
#0 /opt/lampp/htdocs/worldnews-daf/vendor/laravel/framework/src/Illuminate/Foundation/ProviderRepository.php(144): Illuminate\\Foundation\\ProviderRepository->createProvider('BeyondCode\\\\Dump...')
#1 /opt/lampp/htdocs/worldnews-daf/vendor/laravel/framework/src/Illuminate/Foundation/ProviderRepository.php(61): Illuminate\\Foundation\\ProviderRepository->compileManifest(Array)
#2 /opt/lampp/htdocs/worldnews-daf/vendor/laravel/framework/src/Illuminate/Foundation/Application.php(548): Illuminate\\Foundation\\ProviderRepository->load(Array)
#3 /opt/lampp/htdocs/worldnews-daf/vendor/laravel/framework/src/Illuminate/Foundation/Bootstrap/RegisterProviders.php(17): Illuminate\\Foundation\\Application->registerConfiguredProviders()
#4 /opt/lampp/htdocs/worldnews-daf/vendor/laravel/framework/src/Illuminate/Foundation/Application.php(206): Illuminate\\Foundation\\Bootstrap\\RegisterProviders->bootstrap(Object(Illuminate\\Foundation\\Application))
#5 /opt/lampp/htdocs/worldnews-daf/vendor/laravel/framework/src/Illuminate/Foundation/Http/Kernel.php(162): Illuminate\\Foundation\\Application->bootstrapWith(Array)
#6 /opt/lampp/htdocs/worldnews-daf/vendor/laravel/framework/src/Illuminate/Foundation/Http/Kernel.php(146): Illuminate\\Foundation\\Http\\Kernel->bootstrap()
#7 /opt/lampp/htdocs/worldnews-daf/vendor/laravel/framework/src/Illuminate/Foundation/Http/Kernel.php(116): Illuminate\\Foundation\\Http\\Kernel->sendRequestThroughRouter(Object(Illuminate\\Http\\Request))
#8 /opt/lampp/htdocs/worldnews-daf/public/index.php(55): Illuminate\\Foundation\\Http\\Kernel->handle(Object(Illuminate\\Http\\Request))
#9 {main}
"} 
[2019-11-26 18:13:38] production.ERROR: Class 'BeyondCode\DumpServer\DumpServerServiceProvider' not found {"exception":"[object] (Symfony\\Component\\Debug\\Exception\\FatalThrowableError(code: 0): Class 'BeyondCode\\DumpServer\\DumpServerServiceProvider' not found at /opt/lampp/htdocs/worldnews-daf/vendor/laravel/framework/src/Illuminate/Foundation/ProviderRepository.php:208)
[stacktrace]
#0 /opt/lampp/htdocs/worldnews-daf/vendor/laravel/framework/src/Illuminate/Foundation/ProviderRepository.php(144): Illuminate\\Foundation\\ProviderRepository->createProvider('BeyondCode\\\\Dump...')
#1 /opt/lampp/htdocs/worldnews-daf/vendor/laravel/framework/src/Illuminate/Foundation/ProviderRepository.php(61): Illuminate\\Foundation\\ProviderRepository->compileManifest(Array)
#2 /opt/lampp/htdocs/worldnews-daf/vendor/laravel/framework/src/Illuminate/Foundation/Application.php(548): Illuminate\\Foundation\\ProviderRepository->load(Array)
#3 /opt/lampp/htdocs/worldnews-daf/vendor/laravel/framework/src/Illuminate/Foundation/Bootstrap/RegisterProviders.php(17): Illuminate\\Foundation\\Application->registerConfiguredProviders()
#4 /opt/lampp/htdocs/worldnews-daf/vendor/laravel/framework/src/Illuminate/Foundation/Application.php(206): Illuminate\\Foundation\\Bootstrap\\RegisterProviders->bootstrap(Object(Illuminate\\Foundation\\Application))
#5 /opt/lampp/htdocs/worldnews-daf/vendor/laravel/framework/src/Illuminate/Foundation/Http/Kernel.php(162): Illuminate\\Foundation\\Application->bootstrapWith(Array)
#6 /opt/lampp/htdocs/worldnews-daf/vendor/laravel/framework/src/Illuminate/Foundation/Http/Kernel.php(146): Illuminate\\Foundation\\Http\\Kernel->bootstrap()
#7 /opt/lampp/htdocs/worldnews-daf/vendor/laravel/framework/src/Illuminate/Foundation/Http/Kernel.php(116): Illuminate\\Foundation\\Http\\Kernel->sendRequestThroughRouter(Object(Illuminate\\Http\\Request))
#8 /opt/lampp/htdocs/worldnews-daf/public/index.php(55): Illuminate\\Foundation\\Http\\Kernel->handle(Object(Illuminate\\Http\\Request))
#9 {main}
"} 
[2019-11-26 18:14:03] production.ERROR: Class 'BeyondCode\DumpServer\DumpServerServiceProvider' not found {"exception":"[object] (Symfony\\Component\\Debug\\Exception\\FatalThrowableError(code: 0): Class 'BeyondCode\\DumpServer\\DumpServerServiceProvider' not found at /opt/lampp/htdocs/worldnews-daf/vendor/laravel/framework/src/Illuminate/Foundation/ProviderRepository.php:208)
[stacktrace]
#0 /opt/lampp/htdocs/worldnews-daf/vendor/laravel/framework/src/Illuminate/Foundation/ProviderRepository.php(144): Illuminate\\Foundation\\ProviderRepository->createProvider('BeyondCode\\\\Dump...')
#1 /opt/lampp/htdocs/worldnews-daf/vendor/laravel/framework/src/Illuminate/Foundation/ProviderRepository.php(61): Illuminate\\Foundation\\ProviderRepository->compileManifest(Array)
#2 /opt/lampp/htdocs/worldnews-daf/vendor/laravel/framework/src/Illuminate/Foundation/Application.php(548): Illuminate\\Foundation\\ProviderRepository->load(Array)
#3 /opt/lampp/htdocs/worldnews-daf/vendor/laravel/framework/src/Illuminate/Foundation/Bootstrap/RegisterProviders.php(17): Illuminate\\Foundation\\Application->registerConfiguredProviders()
#4 /opt/lampp/htdocs/worldnews-daf/vendor/laravel/framework/src/Illuminate/Foundation/Application.php(206): Illuminate\\Foundation\\Bootstrap\\RegisterProviders->bootstrap(Object(Illuminate\\Foundation\\Application))
#5 /opt/lampp/htdocs/worldnews-daf/vendor/laravel/framework/src/Illuminate/Foundation/Http/Kernel.php(162): Illuminate\\Foundation\\Application->bootstrapWith(Array)
#6 /opt/lampp/htdocs/worldnews-daf/vendor/laravel/framework/src/Illuminate/Foundation/Http/Kernel.php(146): Illuminate\\Foundation\\Http\\Kernel->bootstrap()
#7 /opt/lampp/htdocs/worldnews-daf/vendor/laravel/framework/src/Illuminate/Foundation/Http/Kernel.php(116): Illuminate\\Foundation\\Http\\Kernel->sendRequestThroughRouter(Object(Illuminate\\Http\\Request))
#8 /opt/lampp/htdocs/worldnews-daf/public/index.php(55): Illuminate\\Foundation\\Http\\Kernel->handle(Object(Illuminate\\Http\\Request))
#9 {main}
"} 
[2019-11-26 18:15:08] production.ERROR: Class 'BeyondCode\DumpServer\DumpServerServiceProvider' not found {"exception":"[object] (Symfony\\Component\\Debug\\Exception\\FatalThrowableError(code: 0): Class 'BeyondCode\\DumpServer\\DumpServerServiceProvider' not found at /opt/lampp/htdocs/worldnews-daf/vendor/laravel/framework/src/Illuminate/Foundation/ProviderRepository.php:208)
[stacktrace]
#0 /opt/lampp/htdocs/worldnews-daf/vendor/laravel/framework/src/Illuminate/Foundation/ProviderRepository.php(144): Illuminate\\Foundation\\ProviderRepository->createProvider('BeyondCode\\\\Dump...')
#1 /opt/lampp/htdocs/worldnews-daf/vendor/laravel/framework/src/Illuminate/Foundation/ProviderRepository.php(61): Illuminate\\Foundation\\ProviderRepository->compileManifest(Array)
#2 /opt/lampp/htdocs/worldnews-daf/vendor/laravel/framework/src/Illuminate/Foundation/Application.php(548): Illuminate\\Foundation\\ProviderRepository->load(Array)
#3 /opt/lampp/htdocs/worldnews-daf/vendor/laravel/framework/src/Illuminate/Foundation/Bootstrap/RegisterProviders.php(17): Illuminate\\Foundation\\Application->registerConfiguredProviders()
#4 /opt/lampp/htdocs/worldnews-daf/vendor/laravel/framework/src/Illuminate/Foundation/Application.php(206): Illuminate\\Foundation\\Bootstrap\\RegisterProviders->bootstrap(Object(Illuminate\\Foundation\\Application))
#5 /opt/lampp/htdocs/worldnews-daf/vendor/laravel/framework/src/Illuminate/Foundation/Http/Kernel.php(162): Illuminate\\Foundation\\Application->bootstrapWith(Array)
#6 /opt/lampp/htdocs/worldnews-daf/vendor/laravel/framework/src/Illuminate/Foundation/Http/Kernel.php(146): Illuminate\\Foundation\\Http\\Kernel->bootstrap()
#7 /opt/lampp/htdocs/worldnews-daf/vendor/laravel/framework/src/Illuminate/Foundation/Http/Kernel.php(116): Illuminate\\Foundation\\Http\\Kernel->sendRequestThroughRouter(Object(Illuminate\\Http\\Request))
#8 /opt/lampp/htdocs/worldnews-daf/public/index.php(55): Illuminate\\Foundation\\Http\\Kernel->handle(Object(Illuminate\\Http\\Request))
#9 {main}
"} 
[2019-11-26 18:15:09] production.ERROR: Class 'BeyondCode\DumpServer\DumpServerServiceProvider' not found {"exception":"[object] (Symfony\\Component\\Debug\\Exception\\FatalThrowableError(code: 0): Class 'BeyondCode\\DumpServer\\DumpServerServiceProvider' not found at /opt/lampp/htdocs/worldnews-daf/vendor/laravel/framework/src/Illuminate/Foundation/ProviderRepository.php:208)
[stacktrace]
#0 /opt/lampp/htdocs/worldnews-daf/vendor/laravel/framework/src/Illuminate/Foundation/ProviderRepository.php(144): Illuminate\\Foundation\\ProviderRepository->createProvider('BeyondCode\\\\Dump...')
#1 /opt/lampp/htdocs/worldnews-daf/vendor/laravel/framework/src/Illuminate/Foundation/ProviderRepository.php(61): Illuminate\\Foundation\\ProviderRepository->compileManifest(Array)
#2 /opt/lampp/htdocs/worldnews-daf/vendor/laravel/framework/src/Illuminate/Foundation/Application.php(548): Illuminate\\Foundation\\ProviderRepository->load(Array)
#3 /opt/lampp/htdocs/worldnews-daf/vendor/laravel/framework/src/Illuminate/Foundation/Bootstrap/RegisterProviders.php(17): Illuminate\\Foundation\\Application->registerConfiguredProviders()
#4 /opt/lampp/htdocs/worldnews-daf/vendor/laravel/framework/src/Illuminate/Foundation/Application.php(206): Illuminate\\Foundation\\Bootstrap\\RegisterProviders->bootstrap(Object(Illuminate\\Foundation\\Application))
#5 /opt/lampp/htdocs/worldnews-daf/vendor/laravel/framework/src/Illuminate/Foundation/Http/Kernel.php(162): Illuminate\\Foundation\\Application->bootstrapWith(Array)
#6 /opt/lampp/htdocs/worldnews-daf/vendor/laravel/framework/src/Illuminate/Foundation/Http/Kernel.php(146): Illuminate\\Foundation\\Http\\Kernel->bootstrap()
#7 /opt/lampp/htdocs/worldnews-daf/vendor/laravel/framework/src/Illuminate/Foundation/Http/Kernel.php(116): Illuminate\\Foundation\\Http\\Kernel->sendRequestThroughRouter(Object(Illuminate\\Http\\Request))
#8 /opt/lampp/htdocs/worldnews-daf/public/index.php(55): Illuminate\\Foundation\\Http\\Kernel->handle(Object(Illuminate\\Http\\Request))
#9 {main}
"} 
[2019-11-26 18:15:09] production.ERROR: Class 'BeyondCode\DumpServer\DumpServerServiceProvider' not found {"exception":"[object] (Symfony\\Component\\Debug\\Exception\\FatalThrowableError(code: 0): Class 'BeyondCode\\DumpServer\\DumpServerServiceProvider' not found at /opt/lampp/htdocs/worldnews-daf/vendor/laravel/framework/src/Illuminate/Foundation/ProviderRepository.php:208)
[stacktrace]
#0 /opt/lampp/htdocs/worldnews-daf/vendor/laravel/framework/src/Illuminate/Foundation/ProviderRepository.php(144): Illuminate\\Foundation\\ProviderRepository->createProvider('BeyondCode\\\\Dump...')
#1 /opt/lampp/htdocs/worldnews-daf/vendor/laravel/framework/src/Illuminate/Foundation/ProviderRepository.php(61): Illuminate\\Foundation\\ProviderRepository->compileManifest(Array)
#2 /opt/lampp/htdocs/worldnews-daf/vendor/laravel/framework/src/Illuminate/Foundation/Application.php(548): Illuminate\\Foundation\\ProviderRepository->load(Array)
#3 /opt/lampp/htdocs/worldnews-daf/vendor/laravel/framework/src/Illuminate/Foundation/Bootstrap/RegisterProviders.php(17): Illuminate\\Foundation\\Application->registerConfiguredProviders()
#4 /opt/lampp/htdocs/worldnews-daf/vendor/laravel/framework/src/Illuminate/Foundation/Application.php(206): Illuminate\\Foundation\\Bootstrap\\RegisterProviders->bootstrap(Object(Illuminate\\Foundation\\Application))
#5 /opt/lampp/htdocs/worldnews-daf/vendor/laravel/framework/src/Illuminate/Foundation/Http/Kernel.php(162): Illuminate\\Foundation\\Application->bootstrapWith(Array)
#6 /opt/lampp/htdocs/worldnews-daf/vendor/laravel/framework/src/Illuminate/Foundation/Http/Kernel.php(146): Illuminate\\Foundation\\Http\\Kernel->bootstrap()
#7 /opt/lampp/htdocs/worldnews-daf/vendor/laravel/framework/src/Illuminate/Foundation/Http/Kernel.php(116): Illuminate\\Foundation\\Http\\Kernel->sendRequestThroughRouter(Object(Illuminate\\Http\\Request))
#8 /opt/lampp/htdocs/worldnews-daf/public/index.php(55): Illuminate\\Foundation\\Http\\Kernel->handle(Object(Illuminate\\Http\\Request))
#9 {main}
"} 
[2019-11-26 18:15:11] production.ERROR: Class 'BeyondCode\DumpServer\DumpServerServiceProvider' not found {"exception":"[object] (Symfony\\Component\\Debug\\Exception\\FatalThrowableError(code: 0): Class 'BeyondCode\\DumpServer\\DumpServerServiceProvider' not found at /opt/lampp/htdocs/worldnews-daf/vendor/laravel/framework/src/Illuminate/Foundation/ProviderRepository.php:208)
[stacktrace]
#0 /opt/lampp/htdocs/worldnews-daf/vendor/laravel/framework/src/Illuminate/Foundation/ProviderRepository.php(144): Illuminate\\Foundation\\ProviderRepository->createProvider('BeyondCode\\\\Dump...')
#1 /opt/lampp/htdocs/worldnews-daf/vendor/laravel/framework/src/Illuminate/Foundation/ProviderRepository.php(61): Illuminate\\Foundation\\ProviderRepository->compileManifest(Array)
#2 /opt/lampp/htdocs/worldnews-daf/vendor/laravel/framework/src/Illuminate/Foundation/Application.php(548): Illuminate\\Foundation\\ProviderRepository->load(Array)
#3 /opt/lampp/htdocs/worldnews-daf/vendor/laravel/framework/src/Illuminate/Foundation/Bootstrap/RegisterProviders.php(17): Illuminate\\Foundation\\Application->registerConfiguredProviders()
#4 /opt/lampp/htdocs/worldnews-daf/vendor/laravel/framework/src/Illuminate/Foundation/Application.php(206): Illuminate\\Foundation\\Bootstrap\\RegisterProviders->bootstrap(Object(Illuminate\\Foundation\\Application))
#5 /opt/lampp/htdocs/worldnews-daf/vendor/laravel/framework/src/Illuminate/Foundation/Http/Kernel.php(162): Illuminate\\Foundation\\Application->bootstrapWith(Array)
#6 /opt/lampp/htdocs/worldnews-daf/vendor/laravel/framework/src/Illuminate/Foundation/Http/Kernel.php(146): Illuminate\\Foundation\\Http\\Kernel->bootstrap()
#7 /opt/lampp/htdocs/worldnews-daf/vendor/laravel/framework/src/Illuminate/Foundation/Http/Kernel.php(116): Illuminate\\Foundation\\Http\\Kernel->sendRequestThroughRouter(Object(Illuminate\\Http\\Request))
#8 /opt/lampp/htdocs/worldnews-daf/public/index.php(55): Illuminate\\Foundation\\Http\\Kernel->handle(Object(Illuminate\\Http\\Request))
#9 {main}
"} 
[2019-11-26 18:15:11] production.ERROR: Class 'BeyondCode\DumpServer\DumpServerServiceProvider' not found {"exception":"[object] (Symfony\\Component\\Debug\\Exception\\FatalThrowableError(code: 0): Class 'BeyondCode\\DumpServer\\DumpServerServiceProvider' not found at /opt/lampp/htdocs/worldnews-daf/vendor/laravel/framework/src/Illuminate/Foundation/ProviderRepository.php:208)
[stacktrace]
#0 /opt/lampp/htdocs/worldnews-daf/vendor/laravel/framework/src/Illuminate/Foundation/ProviderRepository.php(144): Illuminate\\Foundation\\ProviderRepository->createProvider('BeyondCode\\\\Dump...')
#1 /opt/lampp/htdocs/worldnews-daf/vendor/laravel/framework/src/Illuminate/Foundation/ProviderRepository.php(61): Illuminate\\Foundation\\ProviderRepository->compileManifest(Array)
#2 /opt/lampp/htdocs/worldnews-daf/vendor/laravel/framework/src/Illuminate/Foundation/Application.php(548): Illuminate\\Foundation\\ProviderRepository->load(Array)
#3 /opt/lampp/htdocs/worldnews-daf/vendor/laravel/framework/src/Illuminate/Foundation/Bootstrap/RegisterProviders.php(17): Illuminate\\Foundation\\Application->registerConfiguredProviders()
#4 /opt/lampp/htdocs/worldnews-daf/vendor/laravel/framework/src/Illuminate/Foundation/Application.php(206): Illuminate\\Foundation\\Bootstrap\\RegisterProviders->bootstrap(Object(Illuminate\\Foundation\\Application))
#5 /opt/lampp/htdocs/worldnews-daf/vendor/laravel/framework/src/Illuminate/Foundation/Http/Kernel.php(162): Illuminate\\Foundation\\Application->bootstrapWith(Array)
#6 /opt/lampp/htdocs/worldnews-daf/vendor/laravel/framework/src/Illuminate/Foundation/Http/Kernel.php(146): Illuminate\\Foundation\\Http\\Kernel->bootstrap()
#7 /opt/lampp/htdocs/worldnews-daf/vendor/laravel/framework/src/Illuminate/Foundation/Http/Kernel.php(116): Illuminate\\Foundation\\Http\\Kernel->sendRequestThroughRouter(Object(Illuminate\\Http\\Request))
#8 /opt/lampp/htdocs/worldnews-daf/public/index.php(55): Illuminate\\Foundation\\Http\\Kernel->handle(Object(Illuminate\\Http\\Request))
#9 {main}
"} 
[2019-11-26 18:15:12] production.ERROR: Class 'BeyondCode\DumpServer\DumpServerServiceProvider' not found {"exception":"[object] (Symfony\\Component\\Debug\\Exception\\FatalThrowableError(code: 0): Class 'BeyondCode\\DumpServer\\DumpServerServiceProvider' not found at /opt/lampp/htdocs/worldnews-daf/vendor/laravel/framework/src/Illuminate/Foundation/ProviderRepository.php:208)
[stacktrace]
#0 /opt/lampp/htdocs/worldnews-daf/vendor/laravel/framework/src/Illuminate/Foundation/ProviderRepository.php(144): Illuminate\\Foundation\\ProviderRepository->createProvider('BeyondCode\\\\Dump...')
#1 /opt/lampp/htdocs/worldnews-daf/vendor/laravel/framework/src/Illuminate/Foundation/ProviderRepository.php(61): Illuminate\\Foundation\\ProviderRepository->compileManifest(Array)
#2 /opt/lampp/htdocs/worldnews-daf/vendor/laravel/framework/src/Illuminate/Foundation/Application.php(548): Illuminate\\Foundation\\ProviderRepository->load(Array)
#3 /opt/lampp/htdocs/worldnews-daf/vendor/laravel/framework/src/Illuminate/Foundation/Bootstrap/RegisterProviders.php(17): Illuminate\\Foundation\\Application->registerConfiguredProviders()
#4 /opt/lampp/htdocs/worldnews-daf/vendor/laravel/framework/src/Illuminate/Foundation/Application.php(206): Illuminate\\Foundation\\Bootstrap\\RegisterProviders->bootstrap(Object(Illuminate\\Foundation\\Application))
#5 /opt/lampp/htdocs/worldnews-daf/vendor/laravel/framework/src/Illuminate/Foundation/Http/Kernel.php(162): Illuminate\\Foundation\\Application->bootstrapWith(Array)
#6 /opt/lampp/htdocs/worldnews-daf/vendor/laravel/framework/src/Illuminate/Foundation/Http/Kernel.php(146): Illuminate\\Foundation\\Http\\Kernel->bootstrap()
#7 /opt/lampp/htdocs/worldnews-daf/vendor/laravel/framework/src/Illuminate/Foundation/Http/Kernel.php(116): Illuminate\\Foundation\\Http\\Kernel->sendRequestThroughRouter(Object(Illuminate\\Http\\Request))
#8 /opt/lampp/htdocs/worldnews-daf/public/index.php(55): Illuminate\\Foundation\\Http\\Kernel->handle(Object(Illuminate\\Http\\Request))
#9 {main}
"} 
[2019-11-26 18:18:42] production.ERROR: Class 'BeyondCode\DumpServer\DumpServerServiceProvider' not found {"exception":"[object] (Symfony\\Component\\Debug\\Exception\\FatalThrowableError(code: 0): Class 'BeyondCode\\DumpServer\\DumpServerServiceProvider' not found at /opt/lampp/htdocs/worldnews-daf/vendor/laravel/framework/src/Illuminate/Foundation/ProviderRepository.php:208)
[stacktrace]
#0 /opt/lampp/htdocs/worldnews-daf/vendor/laravel/framework/src/Illuminate/Foundation/ProviderRepository.php(144): Illuminate\\Foundation\\ProviderRepository->createProvider('BeyondCode\\\\Dump...')
#1 /opt/lampp/htdocs/worldnews-daf/vendor/laravel/framework/src/Illuminate/Foundation/ProviderRepository.php(61): Illuminate\\Foundation\\ProviderRepository->compileManifest(Array)
#2 /opt/lampp/htdocs/worldnews-daf/vendor/laravel/framework/src/Illuminate/Foundation/Application.php(548): Illuminate\\Foundation\\ProviderRepository->load(Array)
#3 /opt/lampp/htdocs/worldnews-daf/vendor/laravel/framework/src/Illuminate/Foundation/Bootstrap/RegisterProviders.php(17): Illuminate\\Foundation\\Application->registerConfiguredProviders()
#4 /opt/lampp/htdocs/worldnews-daf/vendor/laravel/framework/src/Illuminate/Foundation/Application.php(206): Illuminate\\Foundation\\Bootstrap\\RegisterProviders->bootstrap(Object(Illuminate\\Foundation\\Application))
#5 /opt/lampp/htdocs/worldnews-daf/vendor/laravel/framework/src/Illuminate/Foundation/Http/Kernel.php(162): Illuminate\\Foundation\\Application->bootstrapWith(Array)
#6 /opt/lampp/htdocs/worldnews-daf/vendor/laravel/framework/src/Illuminate/Foundation/Http/Kernel.php(146): Illuminate\\Foundation\\Http\\Kernel->bootstrap()
#7 /opt/lampp/htdocs/worldnews-daf/vendor/laravel/framework/src/Illuminate/Foundation/Http/Kernel.php(116): Illuminate\\Foundation\\Http\\Kernel->sendRequestThroughRouter(Object(Illuminate\\Http\\Request))
#8 /opt/lampp/htdocs/worldnews-daf/public/index.php(55): Illuminate\\Foundation\\Http\\Kernel->handle(Object(Illuminate\\Http\\Request))
#9 {main}
"} 
[2019-11-26 18:28:57] production.ERROR: Class 'BeyondCode\DumpServer\DumpServerServiceProvider' not found {"exception":"[object] (Symfony\\Component\\Debug\\Exception\\FatalThrowableError(code: 0): Class 'BeyondCode\\DumpServer\\DumpServerServiceProvider' not found at /opt/lampp/htdocs/worldnews-daf/vendor/laravel/framework/src/Illuminate/Foundation/ProviderRepository.php:208)
[stacktrace]
#0 /opt/lampp/htdocs/worldnews-daf/vendor/laravel/framework/src/Illuminate/Foundation/ProviderRepository.php(144): Illuminate\\Foundation\\ProviderRepository->createProvider('BeyondCode\\\\Dump...')
#1 /opt/lampp/htdocs/worldnews-daf/vendor/laravel/framework/src/Illuminate/Foundation/ProviderRepository.php(61): Illuminate\\Foundation\\ProviderRepository->compileManifest(Array)
#2 /opt/lampp/htdocs/worldnews-daf/vendor/laravel/framework/src/Illuminate/Foundation/Application.php(548): Illuminate\\Foundation\\ProviderRepository->load(Array)
#3 /opt/lampp/htdocs/worldnews-daf/vendor/laravel/framework/src/Illuminate/Foundation/Bootstrap/RegisterProviders.php(17): Illuminate\\Foundation\\Application->registerConfiguredProviders()
#4 /opt/lampp/htdocs/worldnews-daf/vendor/laravel/framework/src/Illuminate/Foundation/Application.php(206): Illuminate\\Foundation\\Bootstrap\\RegisterProviders->bootstrap(Object(Illuminate\\Foundation\\Application))
#5 /opt/lampp/htdocs/worldnews-daf/vendor/laravel/framework/src/Illuminate/Foundation/Http/Kernel.php(162): Illuminate\\Foundation\\Application->bootstrapWith(Array)
#6 /opt/lampp/htdocs/worldnews-daf/vendor/laravel/framework/src/Illuminate/Foundation/Http/Kernel.php(146): Illuminate\\Foundation\\Http\\Kernel->bootstrap()
#7 /opt/lampp/htdocs/worldnews-daf/vendor/laravel/framework/src/Illuminate/Foundation/Http/Kernel.php(116): Illuminate\\Foundation\\Http\\Kernel->sendRequestThroughRouter(Object(Illuminate\\Http\\Request))
#8 /opt/lampp/htdocs/worldnews-daf/public/index.php(55): Illuminate\\Foundation\\Http\\Kernel->handle(Object(Illuminate\\Http\\Request))
#9 {main}
"} 
[2019-11-26 18:30:41] production.ERROR: Class 'BeyondCode\DumpServer\DumpServerServiceProvider' not found {"exception":"[object] (Symfony\\Component\\Debug\\Exception\\FatalThrowableError(code: 0): Class 'BeyondCode\\DumpServer\\DumpServerServiceProvider' not found at /opt/lampp/htdocs/worldnews-daf/vendor/laravel/framework/src/Illuminate/Foundation/ProviderRepository.php:208)
[stacktrace]
#0 /opt/lampp/htdocs/worldnews-daf/vendor/laravel/framework/src/Illuminate/Foundation/ProviderRepository.php(144): Illuminate\\Foundation\\ProviderRepository->createProvider('BeyondCode\\\\Dump...')
#1 /opt/lampp/htdocs/worldnews-daf/vendor/laravel/framework/src/Illuminate/Foundation/ProviderRepository.php(61): Illuminate\\Foundation\\ProviderRepository->compileManifest(Array)
#2 /opt/lampp/htdocs/worldnews-daf/vendor/laravel/framework/src/Illuminate/Foundation/Application.php(548): Illuminate\\Foundation\\ProviderRepository->load(Array)
#3 /opt/lampp/htdocs/worldnews-daf/vendor/laravel/framework/src/Illuminate/Foundation/Bootstrap/RegisterProviders.php(17): Illuminate\\Foundation\\Application->registerConfiguredProviders()
#4 /opt/lampp/htdocs/worldnews-daf/vendor/laravel/framework/src/Illuminate/Foundation/Application.php(206): Illuminate\\Foundation\\Bootstrap\\RegisterProviders->bootstrap(Object(Illuminate\\Foundation\\Application))
#5 /opt/lampp/htdocs/worldnews-daf/vendor/laravel/framework/src/Illuminate/Foundation/Http/Kernel.php(162): Illuminate\\Foundation\\Application->bootstrapWith(Array)
#6 /opt/lampp/htdocs/worldnews-daf/vendor/laravel/framework/src/Illuminate/Foundation/Http/Kernel.php(146): Illuminate\\Foundation\\Http\\Kernel->bootstrap()
#7 /opt/lampp/htdocs/worldnews-daf/vendor/laravel/framework/src/Illuminate/Foundation/Http/Kernel.php(116): Illuminate\\Foundation\\Http\\Kernel->sendRequestThroughRouter(Object(Illuminate\\Http\\Request))
#8 /opt/lampp/htdocs/worldnews-daf/public/index.php(55): Illuminate\\Foundation\\Http\\Kernel->handle(Object(Illuminate\\Http\\Request))
#9 {main}
"} 
[2019-11-26 18:31:09] production.ERROR: Class 'BeyondCode\DumpServer\DumpServerServiceProvider' not found {"exception":"[object] (Symfony\\Component\\Debug\\Exception\\FatalThrowableError(code: 0): Class 'BeyondCode\\DumpServer\\DumpServerServiceProvider' not found at /opt/lampp/htdocs/worldnews-daf/vendor/laravel/framework/src/Illuminate/Foundation/ProviderRepository.php:208)
[stacktrace]
#0 /opt/lampp/htdocs/worldnews-daf/vendor/laravel/framework/src/Illuminate/Foundation/ProviderRepository.php(144): Illuminate\\Foundation\\ProviderRepository->createProvider('BeyondCode\\\\Dump...')
#1 /opt/lampp/htdocs/worldnews-daf/vendor/laravel/framework/src/Illuminate/Foundation/ProviderRepository.php(61): Illuminate\\Foundation\\ProviderRepository->compileManifest(Array)
#2 /opt/lampp/htdocs/worldnews-daf/vendor/laravel/framework/src/Illuminate/Foundation/Application.php(548): Illuminate\\Foundation\\ProviderRepository->load(Array)
#3 /opt/lampp/htdocs/worldnews-daf/vendor/laravel/framework/src/Illuminate/Foundation/Bootstrap/RegisterProviders.php(17): Illuminate\\Foundation\\Application->registerConfiguredProviders()
#4 /opt/lampp/htdocs/worldnews-daf/vendor/laravel/framework/src/Illuminate/Foundation/Application.php(206): Illuminate\\Foundation\\Bootstrap\\RegisterProviders->bootstrap(Object(Illuminate\\Foundation\\Application))
#5 /opt/lampp/htdocs/worldnews-daf/vendor/laravel/framework/src/Illuminate/Foundation/Http/Kernel.php(162): Illuminate\\Foundation\\Application->bootstrapWith(Array)
#6 /opt/lampp/htdocs/worldnews-daf/vendor/laravel/framework/src/Illuminate/Foundation/Http/Kernel.php(146): Illuminate\\Foundation\\Http\\Kernel->bootstrap()
#7 /opt/lampp/htdocs/worldnews-daf/vendor/laravel/framework/src/Illuminate/Foundation/Http/Kernel.php(116): Illuminate\\Foundation\\Http\\Kernel->sendRequestThroughRouter(Object(Illuminate\\Http\\Request))
#8 /opt/lampp/htdocs/worldnews-daf/public/index.php(55): Illuminate\\Foundation\\Http\\Kernel->handle(Object(Illuminate\\Http\\Request))
#9 {main}
"} 
[2019-11-26 18:32:02] production.ERROR: Class 'BeyondCode\DumpServer\DumpServerServiceProvider' not found {"exception":"[object] (Symfony\\Component\\Debug\\Exception\\FatalThrowableError(code: 0): Class 'BeyondCode\\DumpServer\\DumpServerServiceProvider' not found at /opt/lampp/htdocs/worldnews-daf/vendor/laravel/framework/src/Illuminate/Foundation/ProviderRepository.php:208)
[stacktrace]
#0 /opt/lampp/htdocs/worldnews-daf/vendor/laravel/framework/src/Illuminate/Foundation/ProviderRepository.php(144): Illuminate\\Foundation\\ProviderRepository->createProvider('BeyondCode\\\\Dump...')
#1 /opt/lampp/htdocs/worldnews-daf/vendor/laravel/framework/src/Illuminate/Foundation/ProviderRepository.php(61): Illuminate\\Foundation\\ProviderRepository->compileManifest(Array)
#2 /opt/lampp/htdocs/worldnews-daf/vendor/laravel/framework/src/Illuminate/Foundation/Application.php(548): Illuminate\\Foundation\\ProviderRepository->load(Array)
#3 /opt/lampp/htdocs/worldnews-daf/vendor/laravel/framework/src/Illuminate/Foundation/Bootstrap/RegisterProviders.php(17): Illuminate\\Foundation\\Application->registerConfiguredProviders()
#4 /opt/lampp/htdocs/worldnews-daf/vendor/laravel/framework/src/Illuminate/Foundation/Application.php(206): Illuminate\\Foundation\\Bootstrap\\RegisterProviders->bootstrap(Object(Illuminate\\Foundation\\Application))
#5 /opt/lampp/htdocs/worldnews-daf/vendor/laravel/framework/src/Illuminate/Foundation/Http/Kernel.php(162): Illuminate\\Foundation\\Application->bootstrapWith(Array)
#6 /opt/lampp/htdocs/worldnews-daf/vendor/laravel/framework/src/Illuminate/Foundation/Http/Kernel.php(146): Illuminate\\Foundation\\Http\\Kernel->bootstrap()
#7 /opt/lampp/htdocs/worldnews-daf/vendor/laravel/framework/src/Illuminate/Foundation/Http/Kernel.php(116): Illuminate\\Foundation\\Http\\Kernel->sendRequestThroughRouter(Object(Illuminate\\Http\\Request))
#8 /opt/lampp/htdocs/worldnews-daf/public/index.php(55): Illuminate\\Foundation\\Http\\Kernel->handle(Object(Illuminate\\Http\\Request))
#9 {main}
"} 
[2019-11-26 18:32:15] production.ERROR: Class 'BeyondCode\DumpServer\DumpServerServiceProvider' not found {"exception":"[object] (Symfony\\Component\\Debug\\Exception\\FatalThrowableError(code: 0): Class 'BeyondCode\\DumpServer\\DumpServerServiceProvider' not found at /opt/lampp/htdocs/worldnews-daf/vendor/laravel/framework/src/Illuminate/Foundation/ProviderRepository.php:208)
[stacktrace]
#0 /opt/lampp/htdocs/worldnews-daf/vendor/laravel/framework/src/Illuminate/Foundation/ProviderRepository.php(144): Illuminate\\Foundation\\ProviderRepository->createProvider('BeyondCode\\\\Dump...')
#1 /opt/lampp/htdocs/worldnews-daf/vendor/laravel/framework/src/Illuminate/Foundation/ProviderRepository.php(61): Illuminate\\Foundation\\ProviderRepository->compileManifest(Array)
#2 /opt/lampp/htdocs/worldnews-daf/vendor/laravel/framework/src/Illuminate/Foundation/Application.php(548): Illuminate\\Foundation\\ProviderRepository->load(Array)
#3 /opt/lampp/htdocs/worldnews-daf/vendor/laravel/framework/src/Illuminate/Foundation/Bootstrap/RegisterProviders.php(17): Illuminate\\Foundation\\Application->registerConfiguredProviders()
#4 /opt/lampp/htdocs/worldnews-daf/vendor/laravel/framework/src/Illuminate/Foundation/Application.php(206): Illuminate\\Foundation\\Bootstrap\\RegisterProviders->bootstrap(Object(Illuminate\\Foundation\\Application))
#5 /opt/lampp/htdocs/worldnews-daf/vendor/laravel/framework/src/Illuminate/Foundation/Http/Kernel.php(162): Illuminate\\Foundation\\Application->bootstrapWith(Array)
#6 /opt/lampp/htdocs/worldnews-daf/vendor/laravel/framework/src/Illuminate/Foundation/Http/Kernel.php(146): Illuminate\\Foundation\\Http\\Kernel->bootstrap()
#7 /opt/lampp/htdocs/worldnews-daf/vendor/laravel/framework/src/Illuminate/Foundation/Http/Kernel.php(116): Illuminate\\Foundation\\Http\\Kernel->sendRequestThroughRouter(Object(Illuminate\\Http\\Request))
#8 /opt/lampp/htdocs/worldnews-daf/public/index.php(55): Illuminate\\Foundation\\Http\\Kernel->handle(Object(Illuminate\\Http\\Request))
#9 {main}
"} 
[2019-11-26 18:32:21] production.ERROR: Class 'BeyondCode\DumpServer\DumpServerServiceProvider' not found {"exception":"[object] (Symfony\\Component\\Debug\\Exception\\FatalThrowableError(code: 0): Class 'BeyondCode\\DumpServer\\DumpServerServiceProvider' not found at /opt/lampp/htdocs/worldnews-daf/vendor/laravel/framework/src/Illuminate/Foundation/ProviderRepository.php:208)
[stacktrace]
#0 /opt/lampp/htdocs/worldnews-daf/vendor/laravel/framework/src/Illuminate/Foundation/ProviderRepository.php(144): Illuminate\\Foundation\\ProviderRepository->createProvider('BeyondCode\\\\Dump...')
#1 /opt/lampp/htdocs/worldnews-daf/vendor/laravel/framework/src/Illuminate/Foundation/ProviderRepository.php(61): Illuminate\\Foundation\\ProviderRepository->compileManifest(Array)
#2 /opt/lampp/htdocs/worldnews-daf/vendor/laravel/framework/src/Illuminate/Foundation/Application.php(548): Illuminate\\Foundation\\ProviderRepository->load(Array)
#3 /opt/lampp/htdocs/worldnews-daf/vendor/laravel/framework/src/Illuminate/Foundation/Bootstrap/RegisterProviders.php(17): Illuminate\\Foundation\\Application->registerConfiguredProviders()
#4 /opt/lampp/htdocs/worldnews-daf/vendor/laravel/framework/src/Illuminate/Foundation/Application.php(206): Illuminate\\Foundation\\Bootstrap\\RegisterProviders->bootstrap(Object(Illuminate\\Foundation\\Application))
#5 /opt/lampp/htdocs/worldnews-daf/vendor/laravel/framework/src/Illuminate/Foundation/Http/Kernel.php(162): Illuminate\\Foundation\\Application->bootstrapWith(Array)
#6 /opt/lampp/htdocs/worldnews-daf/vendor/laravel/framework/src/Illuminate/Foundation/Http/Kernel.php(146): Illuminate\\Foundation\\Http\\Kernel->bootstrap()
#7 /opt/lampp/htdocs/worldnews-daf/vendor/laravel/framework/src/Illuminate/Foundation/Http/Kernel.php(116): Illuminate\\Foundation\\Http\\Kernel->sendRequestThroughRouter(Object(Illuminate\\Http\\Request))
#8 /opt/lampp/htdocs/worldnews-daf/public/index.php(55): Illuminate\\Foundation\\Http\\Kernel->handle(Object(Illuminate\\Http\\Request))
#9 {main}
"} 
[2019-11-26 18:33:18] production.ERROR: Class 'BeyondCode\DumpServer\DumpServerServiceProvider' not found {"exception":"[object] (Symfony\\Component\\Debug\\Exception\\FatalThrowableError(code: 0): Class 'BeyondCode\\DumpServer\\DumpServerServiceProvider' not found at /opt/lampp/htdocs/worldnews-daf/vendor/laravel/framework/src/Illuminate/Foundation/ProviderRepository.php:208)
[stacktrace]
#0 /opt/lampp/htdocs/worldnews-daf/vendor/laravel/framework/src/Illuminate/Foundation/ProviderRepository.php(144): Illuminate\\Foundation\\ProviderRepository->createProvider('BeyondCode\\\\Dump...')
#1 /opt/lampp/htdocs/worldnews-daf/vendor/laravel/framework/src/Illuminate/Foundation/ProviderRepository.php(61): Illuminate\\Foundation\\ProviderRepository->compileManifest(Array)
#2 /opt/lampp/htdocs/worldnews-daf/vendor/laravel/framework/src/Illuminate/Foundation/Application.php(548): Illuminate\\Foundation\\ProviderRepository->load(Array)
#3 /opt/lampp/htdocs/worldnews-daf/vendor/laravel/framework/src/Illuminate/Foundation/Bootstrap/RegisterProviders.php(17): Illuminate\\Foundation\\Application->registerConfiguredProviders()
#4 /opt/lampp/htdocs/worldnews-daf/vendor/laravel/framework/src/Illuminate/Foundation/Application.php(206): Illuminate\\Foundation\\Bootstrap\\RegisterProviders->bootstrap(Object(Illuminate\\Foundation\\Application))
#5 /opt/lampp/htdocs/worldnews-daf/vendor/laravel/framework/src/Illuminate/Foundation/Http/Kernel.php(162): Illuminate\\Foundation\\Application->bootstrapWith(Array)
#6 /opt/lampp/htdocs/worldnews-daf/vendor/laravel/framework/src/Illuminate/Foundation/Http/Kernel.php(146): Illuminate\\Foundation\\Http\\Kernel->bootstrap()
#7 /opt/lampp/htdocs/worldnews-daf/vendor/laravel/framework/src/Illuminate/Foundation/Http/Kernel.php(116): Illuminate\\Foundation\\Http\\Kernel->sendRequestThroughRouter(Object(Illuminate\\Http\\Request))
#8 /opt/lampp/htdocs/worldnews-daf/public/index.php(55): Illuminate\\Foundation\\Http\\Kernel->handle(Object(Illuminate\\Http\\Request))
#9 {main}
"} 
[2019-11-26 18:41:46] production.ERROR: Class 'BeyondCode\DumpServer\DumpServerServiceProvider' not found {"exception":"[object] (Symfony\\Component\\Debug\\Exception\\FatalThrowableError(code: 0): Class 'BeyondCode\\DumpServer\\DumpServerServiceProvider' not found at /opt/lampp/htdocs/worldnews-daf/vendor/laravel/framework/src/Illuminate/Foundation/ProviderRepository.php:208)
[stacktrace]
#0 /opt/lampp/htdocs/worldnews-daf/vendor/laravel/framework/src/Illuminate/Foundation/ProviderRepository.php(144): Illuminate\\Foundation\\ProviderRepository->createProvider('BeyondCode\\\\Dump...')
#1 /opt/lampp/htdocs/worldnews-daf/vendor/laravel/framework/src/Illuminate/Foundation/ProviderRepository.php(61): Illuminate\\Foundation\\ProviderRepository->compileManifest(Array)
#2 /opt/lampp/htdocs/worldnews-daf/vendor/laravel/framework/src/Illuminate/Foundation/Application.php(548): Illuminate\\Foundation\\ProviderRepository->load(Array)
#3 /opt/lampp/htdocs/worldnews-daf/vendor/laravel/framework/src/Illuminate/Foundation/Bootstrap/RegisterProviders.php(17): Illuminate\\Foundation\\Application->registerConfiguredProviders()
#4 /opt/lampp/htdocs/worldnews-daf/vendor/laravel/framework/src/Illuminate/Foundation/Application.php(206): Illuminate\\Foundation\\Bootstrap\\RegisterProviders->bootstrap(Object(Illuminate\\Foundation\\Application))
#5 /opt/lampp/htdocs/worldnews-daf/vendor/laravel/framework/src/Illuminate/Foundation/Http/Kernel.php(162): Illuminate\\Foundation\\Application->bootstrapWith(Array)
#6 /opt/lampp/htdocs/worldnews-daf/vendor/laravel/framework/src/Illuminate/Foundation/Http/Kernel.php(146): Illuminate\\Foundation\\Http\\Kernel->bootstrap()
#7 /opt/lampp/htdocs/worldnews-daf/vendor/laravel/framework/src/Illuminate/Foundation/Http/Kernel.php(116): Illuminate\\Foundation\\Http\\Kernel->sendRequestThroughRouter(Object(Illuminate\\Http\\Request))
#8 /opt/lampp/htdocs/worldnews-daf/public/index.php(55): Illuminate\\Foundation\\Http\\Kernel->handle(Object(Illuminate\\Http\\Request))
#9 {main}
"} 
[2019-11-26 18:42:15] production.ERROR: Class 'BeyondCode\DumpServer\DumpServerServiceProvider' not found {"exception":"[object] (Symfony\\Component\\Debug\\Exception\\FatalThrowableError(code: 0): Class 'BeyondCode\\DumpServer\\DumpServerServiceProvider' not found at /opt/lampp/htdocs/worldnews-daf/vendor/laravel/framework/src/Illuminate/Foundation/ProviderRepository.php:208)
[stacktrace]
#0 /opt/lampp/htdocs/worldnews-daf/vendor/laravel/framework/src/Illuminate/Foundation/ProviderRepository.php(144): Illuminate\\Foundation\\ProviderRepository->createProvider('BeyondCode\\\\Dump...')
#1 /opt/lampp/htdocs/worldnews-daf/vendor/laravel/framework/src/Illuminate/Foundation/ProviderRepository.php(61): Illuminate\\Foundation\\ProviderRepository->compileManifest(Array)
#2 /opt/lampp/htdocs/worldnews-daf/vendor/laravel/framework/src/Illuminate/Foundation/Application.php(548): Illuminate\\Foundation\\ProviderRepository->load(Array)
#3 /opt/lampp/htdocs/worldnews-daf/vendor/laravel/framework/src/Illuminate/Foundation/Bootstrap/RegisterProviders.php(17): Illuminate\\Foundation\\Application->registerConfiguredProviders()
#4 /opt/lampp/htdocs/worldnews-daf/vendor/laravel/framework/src/Illuminate/Foundation/Application.php(206): Illuminate\\Foundation\\Bootstrap\\RegisterProviders->bootstrap(Object(Illuminate\\Foundation\\Application))
#5 /opt/lampp/htdocs/worldnews-daf/vendor/laravel/framework/src/Illuminate/Foundation/Http/Kernel.php(162): Illuminate\\Foundation\\Application->bootstrapWith(Array)
#6 /opt/lampp/htdocs/worldnews-daf/vendor/laravel/framework/src/Illuminate/Foundation/Http/Kernel.php(146): Illuminate\\Foundation\\Http\\Kernel->bootstrap()
#7 /opt/lampp/htdocs/worldnews-daf/vendor/laravel/framework/src/Illuminate/Foundation/Http/Kernel.php(116): Illuminate\\Foundation\\Http\\Kernel->sendRequestThroughRouter(Object(Illuminate\\Http\\Request))
#8 /opt/lampp/htdocs/worldnews-daf/public/index.php(55): Illuminate\\Foundation\\Http\\Kernel->handle(Object(Illuminate\\Http\\Request))
#9 {main}
"} 
